{"C:\\WIN-Program\\102 Javascript\\3.29 Javascript\\RPS\\rockPaperScissors.js": {"path":"C:\\WIN-Program\\102 Javascript\\3.29 Javascript\\RPS\\rockPaperScissors.js","statementMap":{"0":{"start":{"line":1,"column":14},"end":{"line":1,"column":44}},"1":{"start":{"line":4,"column":2},"end":{"line":4,"column":45}},"2":{"start":{"line":7,"column":14},"end":{"line":7,"column":43}},"3":{"start":{"line":9,"column":14},"end":{"line":9,"column":44}},"4":{"start":{"line":13,"column":28},"end":{"line":13,"column":44}},"5":{"start":{"line":14,"column":28},"end":{"line":14,"column":44}},"6":{"start":{"line":16,"column":8},"end":{"line":16,"column":62}},"7":{"start":{"line":17,"column":8},"end":{"line":17,"column":62}},"8":{"start":{"line":19,"column":14},"end":{"line":40,"column":18}},"9":{"start":{"line":20,"column":18},"end":{"line":20,"column":37}},"10":{"start":{"line":21,"column":17},"end":{"line":21,"column":29}},"11":{"start":{"line":22,"column":21},"end":{"line":40,"column":18}},"12":{"start":{"line":24,"column":18},"end":{"line":24,"column":53}},"13":{"start":{"line":25,"column":18},"end":{"line":25,"column":33}},"14":{"start":{"line":27,"column":20},"end":{"line":40,"column":18}},"15":{"start":{"line":29,"column":17},"end":{"line":29,"column":52}},"16":{"start":{"line":30,"column":17},"end":{"line":30,"column":32}},"17":{"start":{"line":32,"column":22},"end":{"line":40,"column":18}},"18":{"start":{"line":34,"column":17},"end":{"line":34,"column":52}},"19":{"start":{"line":35,"column":17},"end":{"line":35,"column":32}},"20":{"start":{"line":38,"column":19},"end":{"line":38,"column":54}},"21":{"start":{"line":39,"column":21},"end":{"line":39,"column":36}},"22":{"start":{"line":45,"column":22},"end":{"line":68,"column":5}},"23":{"start":{"line":47,"column":26},"end":{"line":47,"column":27}},"24":{"start":{"line":48,"column":26},"end":{"line":48,"column":27}},"25":{"start":{"line":50,"column":8},"end":{"line":61,"column":9}},"26":{"start":{"line":52,"column":12},"end":{"line":52,"column":74}},"27":{"start":{"line":53,"column":12},"end":{"line":53,"column":74}},"28":{"start":{"line":54,"column":12},"end":{"line":60,"column":13}},"29":{"start":{"line":56,"column":19},"end":{"line":60,"column":13}},"30":{"start":{"line":57,"column":16},"end":{"line":57,"column":30}},"31":{"start":{"line":59,"column":16},"end":{"line":59,"column":30}},"32":{"start":{"line":63,"column":8},"end":{"line":67,"column":9}},"33":{"start":{"line":64,"column":12},"end":{"line":64,"column":27}},"34":{"start":{"line":66,"column":12},"end":{"line":66,"column":27}},"35":{"start":{"line":70,"column":1},"end":{"line":70,"column":33}},"36":{"start":{"line":73,"column":1},"end":{"line":73,"column":30}},"37":{"start":{"line":74,"column":1},"end":{"line":74,"column":34}},"38":{"start":{"line":75,"column":1},"end":{"line":75,"column":34}},"39":{"start":{"line":76,"column":1},"end":{"line":76,"column":38}}},"fnMap":{"0":{"name":"choice","decl":{"start":{"line":3,"column":9},"end":{"line":3,"column":15}},"loc":{"start":{"line":3,"column":18},"end":{"line":5,"column":1}},"line":3},"1":{"name":"playRound","decl":{"start":{"line":11,"column":9},"end":{"line":11,"column":18}},"loc":{"start":{"line":11,"column":22},"end":{"line":42,"column":8}},"line":11},"2":{"name":"(anonymous_2)","decl":{"start":{"line":45,"column":22},"end":{"line":45,"column":23}},"loc":{"start":{"line":45,"column":55},"end":{"line":68,"column":5}},"line":45}},"branchMap":{"0":{"loc":{"start":{"line":19,"column":14},"end":{"line":40,"column":18}},"type":"if","locations":[{"start":{"line":19,"column":14},"end":{"line":40,"column":18}},{"start":{"line":22,"column":21},"end":{"line":40,"column":18}}],"line":19},"1":{"loc":{"start":{"line":22,"column":21},"end":{"line":40,"column":18}},"type":"if","locations":[{"start":{"line":22,"column":21},"end":{"line":40,"column":18}},{"start":{"line":27,"column":20},"end":{"line":40,"column":18}}],"line":22},"2":{"loc":{"start":{"line":22,"column":25},"end":{"line":22,"column":81}},"type":"binary-expr","locations":[{"start":{"line":22,"column":25},"end":{"line":22,"column":49}},{"start":{"line":22,"column":53},"end":{"line":22,"column":81}}],"line":22},"3":{"loc":{"start":{"line":27,"column":20},"end":{"line":40,"column":18}},"type":"if","locations":[{"start":{"line":27,"column":20},"end":{"line":40,"column":18}},{"start":{"line":32,"column":22},"end":{"line":40,"column":18}}],"line":27},"4":{"loc":{"start":{"line":27,"column":24},"end":{"line":27,"column":77}},"type":"binary-expr","locations":[{"start":{"line":27,"column":24},"end":{"line":27,"column":49}},{"start":{"line":27,"column":53},"end":{"line":27,"column":77}}],"line":27},"5":{"loc":{"start":{"line":32,"column":22},"end":{"line":40,"column":18}},"type":"if","locations":[{"start":{"line":32,"column":22},"end":{"line":40,"column":18}},{"start":{"line":36,"column":19},"end":{"line":40,"column":18}}],"line":32},"6":{"loc":{"start":{"line":32,"column":26},"end":{"line":32,"column":83}},"type":"binary-expr","locations":[{"start":{"line":32,"column":26},"end":{"line":32,"column":54}},{"start":{"line":32,"column":58},"end":{"line":32,"column":83}}],"line":32},"7":{"loc":{"start":{"line":50,"column":15},"end":{"line":50,"column":65}},"type":"binary-expr","locations":[{"start":{"line":50,"column":15},"end":{"line":50,"column":38}},{"start":{"line":50,"column":42},"end":{"line":50,"column":65}}],"line":50},"8":{"loc":{"start":{"line":54,"column":12},"end":{"line":60,"column":13}},"type":"if","locations":[{"start":{"line":54,"column":12},"end":{"line":60,"column":13}},{"start":{"line":56,"column":19},"end":{"line":60,"column":13}}],"line":54},"9":{"loc":{"start":{"line":56,"column":19},"end":{"line":60,"column":13}},"type":"if","locations":[{"start":{"line":56,"column":19},"end":{"line":60,"column":13}},{"start":{"line":58,"column":19},"end":{"line":60,"column":13}}],"line":56},"10":{"loc":{"start":{"line":63,"column":8},"end":{"line":67,"column":9}},"type":"if","locations":[{"start":{"line":63,"column":8},"end":{"line":67,"column":9}},{"start":{"line":65,"column":15},"end":{"line":67,"column":9}}],"line":63}},"s":{"0":1,"1":0,"2":1,"3":1,"4":0,"5":0,"6":0,"7":0,"8":0,"9":0,"10":0,"11":0,"12":0,"13":0,"14":0,"15":0,"16":0,"17":0,"18":0,"19":0,"20":0,"21":0,"22":1,"23":0,"24":0,"25":0,"26":0,"27":0,"28":0,"29":0,"30":0,"31":0,"32":0,"33":0,"34":0,"35":1,"36":1,"37":1,"38":1,"39":1},"f":{"0":0,"1":0,"2":0},"b":{"0":[0,0],"1":[0,0],"2":[0,0],"3":[0,0],"4":[0,0],"5":[0,0],"6":[0,0],"7":[0,0],"8":[0,0],"9":[0,0],"10":[0,0]},"_coverageSchema":"1a1c01bbd47fc00a2c39e90264f33305004495a9","hash":"ffd25af1133bf4e8399240a256fa5379284d518c"}
}
