TN:
SF:rockPaperScissors.js
FN:3,choice
FN:11,playRound
FN:45,(anonymous_2)
FNF:3
FNH:0
FNDA:0,choice
FNDA:0,playRound
FNDA:0,(anonymous_2)
DA:1,1
DA:4,0
DA:7,1
DA:9,1
DA:13,0
DA:14,0
DA:16,0
DA:17,0
DA:19,0
DA:20,0
DA:21,0
DA:22,0
DA:24,0
DA:25,0
DA:27,0
DA:29,0
DA:30,0
DA:32,0
DA:34,0
DA:35,0
DA:38,0
DA:39,0
DA:45,1
DA:47,0
DA:48,0
DA:50,0
DA:52,0
DA:53,0
DA:54,0
DA:56,0
DA:57,0
DA:59,0
DA:63,0
DA:64,0
DA:66,0
DA:70,1
DA:73,1
DA:74,1
DA:75,1
DA:76,1
LF:40
LH:9
BRDA:19,0,0,0
BRDA:19,0,1,0
BRDA:22,1,0,0
BRDA:22,1,1,0
BRDA:22,2,0,0
BRDA:22,2,1,0
BRDA:27,3,0,0
BRDA:27,3,1,0
BRDA:27,4,0,0
BRDA:27,4,1,0
BRDA:32,5,0,0
BRDA:32,5,1,0
BRDA:32,6,0,0
BRDA:32,6,1,0
BRDA:50,7,0,0
BRDA:50,7,1,0
BRDA:54,8,0,0
BRDA:54,8,1,0
BRDA:56,9,0,0
BRDA:56,9,1,0
BRDA:63,10,0,0
BRDA:63,10,1,0
BRF:22
BRH:0
end_of_record
